********************************************************************************
DUPLICATOR-LITE PACKAGE-LOG: 2017-02-09 17:31:04
NOTICE: Do NOT post to public sites or forums 
********************************************************************************
VERSION:	1.1.30
WORDPRESS:	4.7.2
PHP INFO:	7.1.0 | SAPI: apache2handler
SERVER:		Apache/2.2.31 (Unix) mod_wsgi/3.5 Python/2.7.12 PHP/7.1.0 mod_ssl/2.2.31 OpenSSL/1.0.2j DAV/2 mod_fastcgi/2.4.6 mod_perl/2.0.9 Perl/v5.24.0 
PHP TIME LIMIT: (0) no time limit imposed 
PHP MAX MEMORY: 2048M (128M default) 
MEMORY STACK: 12MB 

********************************************************************************
DATABASE:
********************************************************************************
BUILD MODE:   PHP(query limit - 100)
MYSQLTIMEOUT: 5000
MYSQLDUMP:    Not Supported 
TABLES: total:13 | filtered:0 | create:13 
FILTERED: [] 
SQL CREATED: growthitude_589ca71b8ca2b2905170209173003_database.sql 
SQL FILE SIZE: 1.07MB (1119697) 
SQL FILE TIME: 2017-02-09 17:31:04 
SQL RUNTIME: 0.21 sec. 

******************************************************************************** 
ARCHIVE (ZIP): 
******************************************************************************** 
ARCHIVE DIR:  /Users/Middi/Desktop/Websites/growthitude_wordpress 
ARCHIVE FILE: growthitude_589ca71b8ca2b2905170209173003_archive.zip 
FILTERS: *OFF* 
DIRS: not set 
EXTS:  not set 
---------------------------------------- 
COMPRESSING 
SIZE:	58.37MB 
STATS:	Dirs 449 | Files 3,599 
SQL ADDED: growthitude_589ca71b8ca2b2905170209173003_database.sql 
ZipArchive Object
(
    [status] => 0
    [statusSys] => 0
    [numFiles] => 4048
    [filename] => /Users/Middi/Desktop/Websites/growthitude_wordpress/wp-snapshots/tmp/growthitude_589ca71b8ca2b2905170209173003_archive.zip
    [comment] => 
)
 
COMPRESSION RESULT: '1' 
COMPRESSED SIZE: 42.4MB 
ARCHIVE RUNTIME: 8.68 sec. 
MEMORY STACK: 14MB 

******************************************************************************** 
MAKE INSTALLER: 
******************************************************************************** 
Build Start 
Build Finished 
Preping for use 
Template parsed with new data 
Complete [/Users/Middi/Desktop/Websites/growthitude_wordpress/wp-snapshots/tmp/growthitude_589ca71b8ca2b2905170209173003_installer.php] 
Added to archive 

******************************************************************************** 
INTEGRITY CHECKS: 
******************************************************************************** 
SQL File: 1.07MB 
Installer File: 383.01KB 
Archive File: 42.4MB  

********************************************************************************
RECORD ID:[1]
TOTAL PROCESS RUNTIME: 9.77 sec.
PEAK PHP MEMORY USED: 16MB
DONE PROCESSING => growthitude 2017-02-09 17:31:14
 
